[debug] [2021-05-03T14:47:39.219Z] ----------------------------------------------------------------------
[debug] [2021-05-03T14:47:39.228Z] Command:       C:\Program Files (x86)\nodejs\node.exe C:\Users\LENOVO\AppData\Roaming\npm\node_modules\firebase-tools\lib\bin\firebase.js init hosting
[debug] [2021-05-03T14:47:39.230Z] CLI Version:   9.9.0
[debug] [2021-05-03T14:47:39.230Z] Platform:      win32
[debug] [2021-05-03T14:47:39.231Z] Node Version:  v15.10.0
[debug] [2021-05-03T14:47:39.336Z] Time:          Mon May 03 2021 20:47:39 GMT+0600 (Bangladesh Standard Time)
[debug] [2021-05-03T14:47:39.337Z] ----------------------------------------------------------------------
[debug] 
[debug] [2021-05-03T14:47:39.492Z] >>> [apiv2][query] GET https://firebase-public.firebaseio.com/cli.json [none]
[debug] [2021-05-03T14:47:39.685Z] > command requires scopes: ["email","openid","https://www.googleapis.com/auth/cloudplatformprojects.readonly","https://www.googleapis.com/auth/firebase","https://www.googleapis.com/auth/cloud-platform"]
[debug] [2021-05-03T14:47:39.685Z] > authorizing via signed-in user (iammuktarislam@gmail.com)
[info] 
     ######## #### ########  ######## ########     ###     ######  ########
     ##        ##  ##     ## ##       ##     ##  ##   ##  ##       ##
     ######    ##  ########  ######   ########  #########  ######  ######
     ##        ##  ##    ##  ##       ##     ## ##     ##       ## ##
     ##       #### ##     ## ######## ########  ##     ##  ######  ########

You're about to initialize a Firebase project in this directory:

  C:\Users\LENOVO\Desktop\Practice Panda Commerce

[debug] [2021-05-03T14:47:41.184Z] <<< [apiv2][status] GET https://firebase-public.firebaseio.com/cli.json 200
[debug] [2021-05-03T14:47:41.186Z] <<< [apiv2][body] GET https://firebase-public.firebaseio.com/cli.json {"cloudBuildErrorAfter":1594252800000,"cloudBuildWarnAfter":1590019200000,"defaultNode10After":1594252800000,"minVersion":"3.0.5","node8DeploysDisabledAfter":1613390400000,"node8RuntimeDisabledAfter":1615809600000,"node8WarnAfter":1600128000000}
